<?xml version="1.0" encoding="UTF-8"?>
<testng-results ignored="0" total="1" passed="1" failed="0" skipped="0">
  <reporter-output>
  </reporter-output>
  <suite started-at="2023-09-06T15:56:31 IST" name="Default suite" finished-at="2023-09-06T15:56:31 IST" duration-ms="46">
    <groups>
    </groups>
    <test started-at="2023-09-06T15:56:31 IST" name="Default test" finished-at="2023-09-06T15:56:31 IST" duration-ms="46">
      <class name="demo.SentMailTestCases">
        <test-method is-config="true" signature="launchapp()[pri:0, instance:demo.SentMailTestCases@a514af7]" started-at="2023-09-06T15:56:31 IST" name="launchapp" finished-at="2023-09-06T15:56:31 IST" duration-ms="14" status="PASS">
          <reporter-output>
          </reporter-output>
        </test-method> <!-- launchapp -->
        <test-method is-config="true" signature="login()[pri:0, instance:demo.SentMailTestCases@a514af7]" started-at="2023-09-06T15:56:31 IST" name="login" finished-at="2023-09-06T15:56:31 IST" duration-ms="0" status="PASS">
          <reporter-output>
          </reporter-output>
        </test-method> <!-- login -->
        <test-method signature="Sentmail()[pri:0, instance:demo.SentMailTestCases@a514af7]" started-at="2023-09-06T15:56:31 IST" name="Sentmail" finished-at="2023-09-06T15:56:31 IST" duration-ms="10" status="PASS">
          <reporter-output>
          </reporter-output>
        </test-method> <!-- Sentmail -->
        <test-method is-config="true" signature="logouT()[pri:0, instance:demo.SentMailTestCases@a514af7]" started-at="2023-09-06T15:56:31 IST" name="logouT" finished-at="2023-09-06T15:56:31 IST" duration-ms="1" status="PASS">
          <reporter-output>
          </reporter-output>
        </test-method> <!-- logouT -->
        <test-method is-config="true" signature="closeapp()[pri:0, instance:demo.SentMailTestCases@a514af7]" started-at="2023-09-06T15:56:31 IST" name="closeapp" finished-at="2023-09-06T15:56:31 IST" duration-ms="0" status="PASS">
          <reporter-output>
          </reporter-output>
        </test-method> <!-- closeapp -->
      </class> <!-- demo.SentMailTestCases -->
    </test> <!-- Default test -->
  </suite> <!-- Default suite -->
</testng-results>
